<?xml version="1.0" encoding="UTF-8"?>
<!-- Generated by org.testng.reporters.JUnitXMLReporter -->
<testsuite hostname="DESKTOP-1CO8AH3" ignored="0" name="Default test" tests="2" failures="1" timestamp="2023-03-08T20:29:23 IST" time="146.724" errors="0">
  <testcase name="runScenario" time="69.65" classname="io.cucumber.testng.AbstractTestNGCucumberTests"/>
  <testcase name="runScenario" time="64.391" classname="io.cucumber.testng.AbstractTestNGCucumberTests">
    <failure type="java.lang.AssertionError" message="expected [Selenium Tutorial - Google Search Page] but found [Selenium Tutorial - Google Search]">
      <![CDATA[java.lang.AssertionError: expected [Selenium Tutorial - Google Search Page] but found [Selenium Tutorial - Google Search]
at org.testng.Assert.fail(Assert.java:99)
at org.testng.Assert.failNotEquals(Assert.java:1037)
at org.testng.Assert.assertEqualsImpl(Assert.java:140)
at org.testng.Assert.assertEquals(Assert.java:122)
at org.testng.Assert.assertEquals(Assert.java:629)
at org.testng.Assert.assertEquals(Assert.java:639)
at stepDefs.GoogleStepDef.should_display_selenium_result_page(GoogleStepDef.java:47)
at âœ½.Should display Selenium Result Page(file:///E:/SDETTrainingWS/BDDSampleB1/src/test/resources/features/GooglePageSearch.feature:14)
]]>
    </failure>
  </testcase> <!-- runScenario -->
</testsuite> <!-- Default test -->
